c:\users\adi_p\desktop\calculator-poo\debug\vc143.pdb
c:\users\adi_p\desktop\calculator-poo\debug\vc143.idb
c:\users\adi_p\desktop\calculator-poo\debug\calculatorpoo.obj
c:\users\adi_p\desktop\calculator-poo\debug\calculator.obj
c:\users\adi_p\desktop\calculator-poo\debug\calculationprocessor.obj
c:\users\adi_p\desktop\calculator-poo\debug\calculationprocessor.obj.enc
c:\users\adi_p\desktop\calculator-poo\debug\calculator.obj.enc
c:\users\adi_p\desktop\calculator-poo\debug\calculatorpoo.obj.enc
c:\users\adi_p\desktop\calculator-poo\debug\calculatorpoo.pdb
c:\users\adi_p\desktop\calculator-poo\debug\calculatorpoo.tlog\cl.command.1.tlog
c:\users\adi_p\desktop\calculator-poo\debug\calculatorpoo.tlog\cl.read.1.tlog
c:\users\adi_p\desktop\calculator-poo\debug\calculatorpoo.tlog\cl.write.1.tlog
c:\users\adi_p\desktop\calculator-poo\debug\calculatorpoo.tlog\link-cvtres.read.1.tlog
c:\users\adi_p\desktop\calculator-poo\debug\calculatorpoo.tlog\link-cvtres.write.1.tlog
c:\users\adi_p\desktop\calculator-poo\debug\calculatorpoo.tlog\link-rc.read.1.tlog
c:\users\adi_p\desktop\calculator-poo\debug\calculatorpoo.tlog\link-rc.write.1.tlog
c:\users\adi_p\desktop\calculator-poo\debug\calculatorpoo.tlog\link.18144-cvtres.read.1.tlog
c:\users\adi_p\desktop\calculator-poo\debug\calculatorpoo.tlog\link.18144-cvtres.write.1.tlog
c:\users\adi_p\desktop\calculator-poo\debug\calculatorpoo.tlog\link.18144-rc.read.1.tlog
c:\users\adi_p\desktop\calculator-poo\debug\calculatorpoo.tlog\link.18144-rc.write.1.tlog
c:\users\adi_p\desktop\calculator-poo\debug\calculatorpoo.tlog\link.18144.read.1.tlog
c:\users\adi_p\desktop\calculator-poo\debug\calculatorpoo.tlog\link.18144.write.1.tlog
c:\users\adi_p\desktop\calculator-poo\debug\calculatorpoo.tlog\link.command.1.tlog
c:\users\adi_p\desktop\calculator-poo\debug\calculatorpoo.tlog\link.read.1.tlog
c:\users\adi_p\desktop\calculator-poo\debug\calculatorpoo.tlog\link.write.1.tlog
